<?xml version="1.0" encoding="UTF-8"?>
<!-- Generated by org.testng.reporters.JUnitXMLReporter -->
<testsuite ignored="12" hostname="jaishankars-air" failures="0" tests="18" name="TDD" time="165.816" errors="0" timestamp="14 Jan 2019 16:57:49 GMT">
  <testcase classname="pom.qa.tests.HomePage1_Test" name="verify_CRM_Link" time="0.046"/>
  <testcase classname="pom.qa.tests.HomePage1_Test" name="verify_CRM_click" time="2.348"/>
  <testcase classname="pom.qa.tests.HomePage1_Test" name="verify_Logout" time="0.206"/>
  <testcase classname="pom.qa.tests.HomePage2_Test" name="verifyLeadsBtn" time="1.215"/>
  <testcase classname="pom.qa.tests.Leads_Test" name="Verify_Leads_title" time="0.062"/>
  <testcase classname="pom.qa.tests.CreateLead_Test" name="createLeads" time="4.946"/>
  <testcase classname="pom.qa.tests.CreateLead_Test" name="createLeads" time="3.257"/>
  <testcase classname="pom.qa.tests.CreateLead_Test" name="createLeads" time="3.167"/>
  <testcase classname="pom.qa.tests.CreateLead_Test" name="createLeads" time="2.853"/>
  <testcase classname="pom.qa.tests.Edit_Lead_Test" name="createLeads" time="4.23"/>
  <testcase classname="pom.qa.tests.Edit_Lead_Test" name="createLeads" time="4.162"/>
  <testcase classname="pom.qa.tests.Edit_Lead_Test" name="createLeads" time="4.201"/>
  <testcase classname="pom.qa.tests.Edit_Lead_Test" name="createLeads" time="4.321"/>
  <testcase classname="pom.qa.tests.Delete_Lead_Test" name="deleteLeads" time="4.635"/>
  <testcase classname="pom.qa.tests.Delete_Lead_Test" name="deleteLeads" time="4.257"/>
  <testcase classname="pom.qa.tests.Delete_Lead_Test" name="deleteLeads" time="4.245"/>
  <testcase classname="pom.qa.tests.Delete_Lead_Test" name="deleteLeads" time="3.902"/>
  <testcase classname="pom.qa.tests.Login_Test" name="Verify_Login" time="1.105"/>
  <testcase classname="wdMethods.ProjectMethods" name="@AfterTest afterTest" time="0.0">
    <ignored/>
  </testcase> <!-- @AfterTest afterTest -->
  <testcase classname="wdMethods.ProjectMethods" name="@AfterTest afterTest" time="0.0">
    <ignored/>
  </testcase> <!-- @AfterTest afterTest -->
  <testcase classname="wdMethods.ProjectMethods" name="@AfterTest afterTest" time="0.0">
    <ignored/>
  </testcase> <!-- @AfterTest afterTest -->
  <testcase classname="wdMethods.ProjectMethods" name="@AfterTest afterTest" time="0.0">
    <ignored/>
  </testcase> <!-- @AfterTest afterTest -->
  <testcase classname="wdMethods.ProjectMethods" name="@AfterTest afterTest" time="0.0">
    <ignored/>
  </testcase> <!-- @AfterTest afterTest -->
  <testcase classname="wdMethods.ProjectMethods" name="@AfterTest afterTest" time="0.0">
    <ignored/>
  </testcase> <!-- @AfterTest afterTest -->
  <testcase classname="wdMethods.ProjectMethods" name="@BeforeSuite beforeSuite" time="0.0">
    <ignored/>
  </testcase> <!-- @BeforeSuite beforeSuite -->
  <testcase classname="wdMethods.ProjectMethods" name="@BeforeSuite beforeSuite" time="0.0">
    <ignored/>
  </testcase> <!-- @BeforeSuite beforeSuite -->
  <testcase classname="wdMethods.ProjectMethods" name="@BeforeSuite beforeSuite" time="0.0">
    <ignored/>
  </testcase> <!-- @BeforeSuite beforeSuite -->
  <testcase classname="wdMethods.ProjectMethods" name="@BeforeSuite beforeSuite" time="0.0">
    <ignored/>
  </testcase> <!-- @BeforeSuite beforeSuite -->
  <testcase classname="wdMethods.ProjectMethods" name="@BeforeSuite beforeSuite" time="0.0">
    <ignored/>
  </testcase> <!-- @BeforeSuite beforeSuite -->
  <testcase classname="wdMethods.ProjectMethods" name="@BeforeSuite beforeSuite" time="0.0">
    <ignored/>
  </testcase> <!-- @BeforeSuite beforeSuite -->
</testsuite> <!-- TDD -->
